mainmode: 
gpu02
2
[WARN] cannot get screen dpi, auto-scaling disabled
stabilized in 561400556564 ns
stabilized in 561400556564 ns
stabilized in 561400556564 ns
stabilized in 561400556564 ns
stabilized in 561400556564 ns
stabilized in 561400556564 ns
stabilized in 561400556564 ns
stabilized in 561400556564 ns
stabilized in 561400556564 ns
stabilized in 561400556564 ns
stabilized in 561400556564 ns
stabilized in 561400556564 ns
stabilized in 561400556564 ns
stabilized in 561400556564 ns
stabilized in 561400556564 ns
stabilized in 561400556564 ns
stabilized in 561400556564 ns
stabilized in 561400556564 ns
stabilized in 561400556564 ns
stabilized in 561400556564 ns
stabilized in 561400556564 ns
stabilized in 561400556564 ns
stabilized in 561400556564 ns
stabilized in 561400556564 ns
stabilized in 561400556564 ns
stabilized in 561400556564 ns
stabilized in 561400556564 ns
stabilized in 561400556564 ns
stabilized in 561400556564 ns
stabilized in 561400556564 ns
stabilized in 561400556564 ns
stabilized in 561400556564 ns
stabilized in 561400556564 ns
stabilized in 561400556564 ns
stabilized in 561400556564 ns
stabilized in 561400556564 ns
stabilized in 561400556564 ns
stabilized in 561400556564 ns
stabilized in 561400556564 ns
stabilized in 561400556564 ns
stabilized in 561400556564 ns
stabilized in 561400556564 ns
stabilized in 561400556564 ns
stabilized in 561400556564 ns
stabilized in 561400556564 ns
stabilized in 561400556564 ns
stabilized in 561400556564 ns
stabilized in 561400556564 ns
stabilized in 561400556564 ns
stabilized in 561400556564 ns
stabilized in 561400556564 ns
stabilized in 561400556564 ns
stabilized in 561400556564 ns
stabilized in 561400556564 ns
stabilized in 561400556564 ns
stabilized in 561400556564 ns
stabilized in 561400556564 ns
stabilized in 561400556564 ns
stabilized in 561400556564 ns
stabilized in 561400556564 ns
stabilized in 561400556564 ns
stabilized in 561400556564 ns
stabilized in 561400556564 ns
stabilized in 561400556564 ns
stabilized in 561400556564 ns
stabilized in 561400556564 ns
stabilized in 561400556564 ns
stabilized in 561400556564 ns
stabilized in 561400556564 ns
stabilized in 561400556564 ns
stabilized in 561400556564 ns
stabilized in 561400556564 ns
stabilized in 561400556564 ns
stabilized in 561400556564 ns
stabilized in 561400556564 ns
stabilized in 561400556564 ns
stabilized in 561400556564 ns
stabilized in 561400556564 ns
stabilized in 561400556564 ns
stabilized in 561400556564 ns
stabilized in 561400556564 ns
stabilized in 561400556564 ns
stabilized in 561400556564 ns
stabilized in 561400556564 ns
stabilized in 561400556564 ns
stabilized in 561400556564 ns
stabilized in 561400556564 ns
stabilized in 561400556564 ns
stabilized in 561400556564 ns
stabilized in 561400556564 ns
stabilized in 561400556564 ns
stabilized in 561400556564 ns
stabilized in 561400556564 ns
stabilized in 561400556564 ns
stabilized in 561400556564 ns
stabilized in 561400556564 ns
stabilized in 561400556564 ns
stabilized in 561400556564 ns
stabilized in 561400556564 ns
stabilized in 561400556564 ns
stabilized in 561400556564 ns
stabilized in 561400556564 ns
stabilized in 561400556564 ns
stabilized in 561400556564 ns
stabilized in 561400556564 ns
stabilized in 561400556564 ns
stabilized in 561400556564 ns
stabilized in 561400556564 ns
stabilized in 561400556564 ns
stabilized in 561400556564 ns
stabilized in 561400556564 ns
stabilized in 561400556564 ns
stabilized in 561400556564 ns
stabilized in 561400556564 ns
stabilized in 561400556564 ns
stabilized in 561400556564 ns
stabilized in 561400556564 ns
stabilized in 561400556564 ns
stabilized in 561400556564 ns
stabilized in 561400556564 ns
stabilized in 561400556564 ns
stabilized in 561400556564 ns
stabilized in 561400556564 ns
stabilized in 561400556564 ns
stabilized in 561400556564 ns
stabilized in 561400556564 ns
stabilized in 561400556564 ns
stabilized in 561400556564 ns
stabilized in 561400556564 ns
stabilized in 561400556564 ns
stabilized in 561400556564 ns
stabilized in 561400556564 ns
stabilized in 561400556564 ns
stabilized in 561400556564 ns
stabilized in 561400556564 ns
stabilized in 561400556564 ns
stabilized in 561400556564 ns
stabilized in 561400556564 ns
stabilized in 561400556564 ns
stabilized in 561400556564 ns
stabilized in 561400556564 ns
stabilized in 561400556564 ns
stabilized in 561400556564 ns
stabilized in 561400556564 ns
stabilized in 561400556564 ns
stabilized in 561400556564 ns
stabilized in 561400556564 ns
stabilized in 561400556564 ns
stabilized in 561400556564 ns
stabilized in 561400556564 ns
stabilized in 561400556564 ns
stabilized in 561400556564 ns
stabilized in 561400556564 ns
stabilized in 561400556564 ns
stabilized in 561400556564 ns
stabilized in 561400556564 ns
stabilized in 561400556564 ns
stabilized in 561400556564 ns
stabilized in 561400556564 ns
stabilized in 561400556564 ns
stabilized in 561400556564 ns
stabilized in 561400556564 ns
stabilized in 561400556564 ns
stabilized in 561400556564 ns
stabilized in 561400556564 ns
stabilized in 561400556564 ns
stabilized in 561400556564 ns
stabilized in 561400556564 ns
stabilized in 561400556564 ns
stabilized in 561400556564 ns
stabilized in 561400556564 ns
stabilized in 561400556564 ns
stabilized in 561400556564 ns
stabilized in 561400556564 ns
srun: Job step aborted: Waiting up to 32 seconds for job step to finish.
slurmstepd: error: *** JOB 101899 ON gpu02 CANCELLED AT 2021-12-04T04:23:05 DUE TO TIME LIMIT ***
slurmstepd: error: *** STEP 101899.0 ON gpu02 CANCELLED AT 2021-12-04T04:23:05 DUE TO TIME LIMIT ***
